<?xml version="1.0" encoding="UTF-8"?>
<testsuite name="Agregar productos al carrito de compras" tests="1" skipped="0" failures="0" errors="0" timestamp="2023-07-31T04:02:42" hostname="SQAMED-90298" time="232.301">
  <properties/>
  <testcase name="Agregar 5 productos aleatorios y agregarlos al carrito de compras" classname="Agregar productos al carrito de compras" time="232.301"/>
  <system-out><![CDATA[Escritorio Connie, Blanco, Diseño Moderno Con Dos Entrepaños
$ 244.900
La cantidad aleatoria es: 3
Escritorio en madera Lannister
$ 225.900
La cantidad aleatoria es: 10
ESCRITORIO TABACO INVAL ES11903
$ 146.411
La cantidad aleatoria es: 5
Escritorio Lisboa Arena FINLANDEK 5219T
$ 149.978
La cantidad aleatoria es: 3
Escritorio Gamer Max
$ 390.900
La cantidad aleatoria es: 1
]]></system-out>
  <system-err><![CDATA[[Test worker] ERROR io.github.bonigarcia.wdm.online.HttpClient - Error HTTP 404 executing https://chromedriver.storage.googleapis.com/LATEST_RELEASE_115
[Test worker] WARN io.github.bonigarcia.wdm.versions.VersionDetector - Exception reading https://chromedriver.storage.googleapis.com/LATEST_RELEASE_115 to get latest version of chromedriver (Error HTTP 404 executing https://chromedriver.storage.googleapis.com/LATEST_RELEASE_115)
[Test worker] INFO io.github.bonigarcia.wdm.WebDriverManager - Exporting webdriver.chrome.driver as C:\Users\PCC\.cache\selenium\chromedriver\win32\114.0.5735.90\chromedriver.exe
Starting ChromeDriver 114.0.5735.90 (386bc09e8f4f2e025eddae123f36f6263096ae49-refs/branch-heads/5735@{#1052}) on port 43433
Only local connections are allowed.
Please see https://chromedriver.chromium.org/security-considerations for suggestions on keeping ChromeDriver safe.
ChromeDriver was started successfully.
[1690776166.095][WARNING]: Deprecated chrome option is ignored: useAutomationExtension
[1690776166.096][WARNING]: Deprecated chrome option is ignored: useAutomationExtension
[1690776166.777][WARNING]: This version of ChromeDriver has not been tested with Chrome version 115.
jul. 30, 2023 11:02:46 P. M. org.openqa.selenium.remote.ProtocolHandshake createSession
INFO: Detected dialect: W3C
[Test worker] INFO net.thucydides.core.steps.ConsoleLoggingListener - ?[92m
        __    _____ _____ ____ _____   ____   _    ____  ____  _____ ____  
  _     \ \  |_   _| ____/ ___|_   _| |  _ \ / \  / ___|/ ___|| ____|  _ \ 
 (_)_____| |   | | |  _| \___ \ | |   | |_) / _ \ \___ \\___ \|  _| | | | |
  _|_____| |   | | | |___ ___) || |   |  __/ ___ \ ___) |___) | |___| |_| |
 (_)     | |   |_| |_____|____/ |_|   |_| /_/   \_\____/|____/|_____|____/ 
        /_/                                                                

TEST PASSED: Agregar 5 productos aleatorios y agregarlos al carrito de compras
----------------------------------------------------------------------------?[0m
]]></system-err>
</testsuite>
